<?xml version="1.0" encoding="UTF-8"?>
<!-- Generated by org.testng.reporters.JUnitReportReporter -->
<testsuite name="com.qtstage.Utilities.Create_TestNGXML" tests="1" time="55.737" ignored="0" failures="0" timestamp="27 Sep 2019 04:36:58 GMT" skipped="0" hostname="SIPL-39" errors="0">
  <testcase name="createXMLfile" time="55.737" classname="com.qtstage.Utilities.Create_TestNGXML"/>
</testsuite> <!-- com.qtstage.Utilities.Create_TestNGXML -->
