<?xml version="1.0" encoding="UTF-8"?>
<!-- Generated by org.testng.reporters.JUnitReportReporter -->
<testsuite name="com.decathlon.Tests.DecathlonAddToCartTest" tests="1" time="48.004" ignored="0" failures="0" timestamp="05 Jun 2019 12:02:45 GMT" skipped="0" hostname="SIPL-SU142" errors="0">
  <testcase name="tc_AddToCart" time="48.004" classname="com.decathlon.Tests.DecathlonAddToCartTest"/>
</testsuite> <!-- com.decathlon.Tests.DecathlonAddToCartTest -->
