<?xml version="1.0" encoding="UTF-8"?>
<!-- Generated by org.testng.reporters.JUnitReportReporter -->
<testsuite name="com.qtstage.Tests.QtstageSearchTest" tests="1" time="50.456" ignored="0" failures="0" timestamp="27 Sep 2019 04:36:57 GMT" skipped="0" hostname="SIPL-39" errors="0">
  <testcase name="tc_SearchProduct" time="50.456" classname="com.qtstage.Tests.QtstageSearchTest"/>
</testsuite> <!-- com.qtstage.Tests.QtstageSearchTest -->
