<?xml version="1.0" encoding="UTF-8"?>
<!-- Generated by org.testng.reporters.JUnitReportReporter -->
<testsuite name="com.qtstage.Tests.QtstageLoginTest" tests="1" time="23.130" ignored="0" failures="0" timestamp="26 Sep 2019 10:54:21 GMT" skipped="0" hostname="SIPL-144" errors="0">
  <testcase name="tc_DecathlonLoginTest" time="23.130" classname="com.qtstage.Tests.QtstageLoginTest"/>
</testsuite> <!-- com.qtstage.Tests.QtstageLoginTest -->
