<?xml version="1.0" encoding="UTF-8"?>
<!-- Generated by org.testng.reporters.JUnitReportReporter -->
<testsuite name="com.qtstage.Tests.DecathlonLoginTest" tests="1" time="16.949" ignored="0" failures="0" timestamp="26 Sep 2019 10:25:03 GMT" skipped="0" hostname="SIPL-144" errors="0">
  <testcase name="tc_DecathlonLoginTest" time="16.949" classname="com.qtstage.Tests.DecathlonLoginTest"/>
</testsuite> <!-- com.qtstage.Tests.DecathlonLoginTest -->
