<?xml version="1.0" encoding="UTF-8"?>
<!-- Generated by org.testng.reporters.JUnitReportReporter -->
<testsuite name="com.qtstage.Tests.DecathlonSearchProductTest" tests="1" time="37.079" ignored="0" failures="0" timestamp="26 Sep 2019 09:57:09 GMT" skipped="0" hostname="SIPL-144" errors="1">
  <testcase name="tc_SearchProduct" time="37.079" classname="com.qtstage.Tests.DecathlonSearchProductTest">
    <error type="java.lang.Error" message="Unresolved compilation problems: 
	WelcomePage_Locators cannot be resolved to a variable
	WelcomePage_Locators cannot be resolved to a variable
">
      <![CDATA[java.lang.Error: Unresolved compilation problems: 
	WelcomePage_Locators cannot be resolved to a variable
	WelcomePage_Locators cannot be resolved to a variable

	at com.qtstage.BusinessFlows.SearchProductFlow.searchProduct(SearchProductFlow.java:22)
	at com.qtstage.Tests.DecathlonSearchProductTest.tc_SearchProduct(DecathlonSearchProductTest.java:33)
	at sun.reflect.NativeMethodAccessorImpl.invoke0(Native Method)
	at sun.reflect.NativeMethodAccessorImpl.invoke(NativeMethodAccessorImpl.java:62)
	at sun.reflect.DelegatingMethodAccessorImpl.invoke(DelegatingMethodAccessorImpl.java:43)
	at java.lang.reflect.Method.invoke(Method.java:498)
	at org.testng.internal.MethodInvocationHelper.invokeMethod(MethodInvocationHelper.java:104)
	at org.testng.internal.Invoker.invokeMethod(Invoker.java:645)
	at org.testng.internal.Invoker.invokeTestMethod(Invoker.java:851)
	at org.testng.internal.Invoker.invokeTestMethods(Invoker.java:1177)
	at org.testng.internal.TestMethodWorker.invokeTestMethods(TestMethodWorker.java:129)
	at org.testng.internal.TestMethodWorker.run(TestMethodWorker.java:112)
	at org.testng.TestRunner.privateRun(TestRunner.java:756)
	at org.testng.TestRunner.run(TestRunner.java:610)
	at org.testng.SuiteRunner.runTest(SuiteRunner.java:387)
	at org.testng.SuiteRunner.access$000(SuiteRunner.java:39)
	at org.testng.SuiteRunner$SuiteWorker.run(SuiteRunner.java:421)
	at org.testng.internal.thread.ThreadUtil$2.call(ThreadUtil.java:64)
	at java.util.concurrent.FutureTask.run(FutureTask.java:266)
	at java.util.concurrent.ThreadPoolExecutor.runWorker(ThreadPoolExecutor.java:1142)
	at java.util.concurrent.ThreadPoolExecutor$Worker.run(ThreadPoolExecutor.java:617)
	at java.lang.Thread.run(Thread.java:745)
]]>
    </error>
  </testcase> <!-- tc_SearchProduct -->
</testsuite> <!-- com.qtstage.Tests.DecathlonSearchProductTest -->
