<?xml version="1.0" encoding="UTF-8"?>
<!-- Generated by org.testng.reporters.JUnitReportReporter -->
<testsuite name="com.decathlon.Utilities.Create_TestNGXML" tests="1" time="40.786" ignored="0" failures="0" timestamp="14 Aug 2019 12:07:30 GMT" skipped="0" hostname="SIPL-144" errors="0">
  <testcase name="createXMLfile" time="40.786" classname="com.decathlon.Utilities.Create_TestNGXML"/>
</testsuite> <!-- com.decathlon.Utilities.Create_TestNGXML -->
